2024-07-26T03:51:35.058Z - success: protocol editor-framework registered
2024-07-26T03:51:35.059Z - success: protocol app registered
2024-07-26T03:51:35.059Z - success: protocol theme registered
2024-07-26T03:51:35.059Z - success: protocol packages registered
2024-07-26T03:51:35.086Z - normal: Load ~/.CocosCreator/settings.json
2024-07-26T03:51:35.123Z - success: protocol uuid registerred
2024-07-26T03:51:35.124Z - success: protocol db registerred
2024-07-26T03:51:35.124Z - success: protocol thumbnail registerred
2024-07-26T03:51:35.200Z - normal: Initializing Asset Database
2024-07-26T03:51:35.202Z - normal: checking language setting...
2024-07-26T03:51:35.202Z - normal: Language: en
2024-07-26T03:51:35.205Z - success: protocol unpack registerred
2024-07-26T03:51:35.205Z - success: protocol disable-commonjs registerred
2024-07-26T03:51:36.851Z - normal: connected!
2024-07-26T03:51:37.130Z - normal: Check project /Users/mac/Documents/WORK/MINIGAME/MatchingCardHeros
2024-07-26T03:51:37.136Z - normal: Initializing project /Users/mac/Documents/WORK/MINIGAME/MatchingCardHeros
2024-07-26T03:51:37.358Z - success: adapters loaded
2024-07-26T03:51:37.363Z - success: asset-db-debugger loaded
2024-07-26T03:51:37.432Z - success: fb-audience-network loaded
2024-07-26T03:51:37.480Z - success: fb-live-stream loaded
2024-07-26T03:51:37.487Z - success: google-play-instant loaded
2024-07-26T03:51:37.488Z - success: jsb-adapter loaded
2024-07-26T03:51:37.509Z - success: package-manager loaded
2024-07-26T03:51:37.510Z - success: runtime-adapters loaded
2024-07-26T03:51:37.513Z - success: runtime-dev-tools loaded
2024-07-26T03:51:37.515Z - success: ui-kit-preview-extra loaded
2024-07-26T03:51:37.517Z - success: ui-kit-preview loaded
2024-07-26T03:51:38.343Z - success: alipay-minigame loaded
2024-07-26T03:51:38.358Z - success: assets loaded
2024-07-26T03:51:38.362Z - success: baidugame-opendata loaded
2024-07-26T03:51:38.364Z - success: baidugame loaded
2024-07-26T03:51:38.367Z - success: builder loaded
2024-07-26T03:51:38.373Z - success: bytedance-opendata loaded
2024-07-26T03:51:38.375Z - success: bytedance loaded
2024-07-26T03:51:38.380Z - success: channel-upload-tools loaded
2024-07-26T03:51:38.531Z - success: cloud-function loaded
2024-07-26T03:51:38.759Z - success: cocos-services loaded
2024-07-26T03:51:38.766Z - success: console loaded
2024-07-26T03:51:38.768Z - success: curve-editor loaded
2024-07-26T03:51:38.776Z - success: fb-instant-games loaded
2024-07-26T03:51:38.779Z - success: game-window loaded
2024-07-26T03:51:38.780Z - success: google-instant-games loaded
2024-07-26T03:51:38.785Z - success: hierarchy loaded
2024-07-26T03:51:38.787Z - success: huawei-agc loaded
2024-07-26T03:51:38.790Z - success: huawei-runtime loaded
2024-07-26T03:51:38.794Z - success: inspector loaded
2024-07-26T03:51:38.809Z - success: cpk-publish loaded
2024-07-26T03:51:38.810Z - success: keystore loaded
2024-07-26T03:51:38.826Z - success: link-sure-runtime loaded
2024-07-26T03:51:38.836Z - success: node-library loaded
2024-07-26T03:51:38.837Z - success: open-recent-items loaded
2024-07-26T03:51:38.840Z - success: oppo-runtime loaded
2024-07-26T03:51:38.842Z - success: package-asset loaded
2024-07-26T03:51:38.842Z - success: preferences loaded
2024-07-26T03:51:38.846Z - success: project-importer loaded
2024-07-26T03:51:38.849Z - success: project-settings loaded
2024-07-26T03:51:38.869Z - success: qtt-runtime loaded
2024-07-26T03:51:38.876Z - success: scene loaded
2024-07-26T03:51:38.877Z - success: simulator-debugger loaded
2024-07-26T03:51:38.878Z - success: sprite-editor loaded
2024-07-26T03:51:38.959Z - success: store loaded
2024-07-26T03:51:38.961Z - success: taobao-creativeapp loaded
2024-07-26T03:51:38.965Z - success: timeline loaded
2024-07-26T03:51:38.971Z - success: vivo-runtime loaded
2024-07-26T03:51:38.974Z - success: wechatgame-opendata loaded
2024-07-26T03:51:38.980Z - success: wechatgame loaded
2024-07-26T03:51:38.984Z - success: xiaomi-runtime loaded
2024-07-26T03:51:39.035Z - success: im-plugin loaded
2024-07-26T03:51:39.037Z - success: preview server running at http://localhost:7456
2024-07-26T03:51:40.632Z - info: Cocos Service load base data!
2024-07-26T03:51:41.153Z - normal: Initializing Cocos2d
2024-07-26T03:51:41.426Z - normal: Initializing engine extends
2024-07-26T03:51:46.065Z - normal: Loading packages
2024-07-26T03:51:46.068Z - normal: Watching packages
2024-07-26T03:51:46.289Z - normal: Run Application
2024-07-26T03:51:51.094Z - success: cloud-function unloaded
